{"/Users/master/Documents/study/typescript-lab/default-jest/src/abc/index.ts": {"path":"/Users/master/Documents/study/typescript-lab/default-jest/src/abc/index.ts","statementMap":{"0":{"start":{"line":1,"column":0},"end":{"line":1,"column":19}}},"fnMap":{},"branchMap":{},"s":{"0":0},"f":{},"b":{}}
,"/Users/master/Documents/study/typescript-lab/default-jest/src/dir/dir.ts": {"path":"/Users/master/Documents/study/typescript-lab/default-jest/src/dir/dir.ts","statementMap":{"0":{"start":{"line":1,"column":0},"end":{"line":1,"column":16}}},"fnMap":{},"branchMap":{},"s":{"0":0},"f":{},"b":{}}
,"/Users/master/Documents/study/typescript-lab/default-jest/src/dir1/dir1.ts": {"path":"/Users/master/Documents/study/typescript-lab/default-jest/src/dir1/dir1.ts","statementMap":{"0":{"start":{"line":1,"column":0},"end":{"line":1,"column":19}}},"fnMap":{},"branchMap":{},"s":{"0":0},"f":{},"b":{}}
,"/Users/master/Documents/study/typescript-lab/default-jest/src/dir2/getText.ts": {"path":"/Users/master/Documents/study/typescript-lab/default-jest/src/dir2/getText.ts","statementMap":{"0":{"start":{"line":1,"column":23},"end":{"line":3,"column":1}},"1":{"start":{"line":2,"column":2},"end":{"line":2,"column":16}}},"fnMap":{"0":{"name":"(anonymous_0)","decl":{"start":{"line":1,"column":23},"end":{"line":1,"column":24}},"loc":{"start":{"line":1,"column":29},"end":{"line":3,"column":1}},"line":1}},"branchMap":{},"s":{"0":1,"1":1},"f":{"0":1},"b":{},"_coverageSchema":"1a1c01bbd47fc00a2c39e90264f33305004495a9","hash":"1c41c46bc4042e59af99824002f5fa16c8973866"}
,"/Users/master/Documents/study/typescript-lab/default-jest/src/dir2/sum.ts": {"path":"/Users/master/Documents/study/typescript-lab/default-jest/src/dir2/sum.ts","statementMap":{"0":{"start":{"line":2,"column":2},"end":{"line":2,"column":15}}},"fnMap":{"0":{"name":"sum","decl":{"start":{"line":1,"column":24},"end":{"line":1,"column":27}},"loc":{"start":{"line":1,"column":50},"end":{"line":3,"column":1}},"line":1}},"branchMap":{},"s":{"0":1},"f":{"0":1},"b":{},"_coverageSchema":"1a1c01bbd47fc00a2c39e90264f33305004495a9","hash":"ac98bd28f35de1dd671a0885120ffff291c44d9c"}
}
